c:\users\user\documents\visual studio 2015\projects\snake ex3 v5.3\snake\x64\debug\vc140.pdb
c:\users\user\documents\visual studio 2015\projects\snake ex3 v5.3\snake\x64\debug\vc140.idb
c:\users\user\documents\visual studio 2015\projects\snake ex3 v5.3\snake\x64\debug\board.obj
c:\users\user\documents\visual studio 2015\projects\snake ex3 v5.3\snake\x64\debug\bullet.obj
c:\users\user\documents\visual studio 2015\projects\snake ex3 v5.3\snake\x64\debug\creature.obj
c:\users\user\documents\visual studio 2015\projects\snake ex3 v5.3\snake\x64\debug\game.obj
c:\users\user\documents\visual studio 2015\projects\snake ex3 v5.3\snake\x64\debug\main.obj
c:\users\user\documents\visual studio 2015\projects\snake ex3 v5.3\snake\x64\debug\mainmenu.obj
c:\users\user\documents\visual studio 2015\projects\snake ex3 v5.3\snake\x64\debug\missions.obj
c:\users\user\documents\visual studio 2015\projects\snake ex3 v5.3\snake\x64\debug\numbers.obj
c:\users\user\documents\visual studio 2015\projects\snake ex3 v5.3\snake\x64\debug\point.obj
c:\users\user\documents\visual studio 2015\projects\snake ex3 v5.3\snake\x64\debug\replay.obj
c:\users\user\documents\visual studio 2015\projects\snake ex3 v5.3\snake\x64\debug\scondarymenu.obj
c:\users\user\documents\visual studio 2015\projects\snake ex3 v5.3\snake\x64\debug\snake.obj
c:\users\user\documents\visual studio 2015\projects\snake ex3 v5.3\snake\x64\debug\utilities.obj
c:\users\user\documents\visual studio 2015\projects\snake ex3 v5.3\x64\debug\snake.ilk
c:\users\user\documents\visual studio 2015\projects\snake ex3 v5.3\x64\debug\snake.exe
c:\users\user\documents\visual studio 2015\projects\snake ex3 v5.3\x64\debug\snake.pdb
c:\users\user\documents\visual studio 2015\projects\snake ex3 v5.3\snake\x64\debug\game.obj.enc
c:\users\user\documents\visual studio 2015\projects\snake ex3 v5.3\snake\x64\debug\snake.tlog\cl.command.1.tlog
c:\users\user\documents\visual studio 2015\projects\snake ex3 v5.3\snake\x64\debug\snake.tlog\cl.read.1.tlog
c:\users\user\documents\visual studio 2015\projects\snake ex3 v5.3\snake\x64\debug\snake.tlog\cl.write.1.tlog
c:\users\user\documents\visual studio 2015\projects\snake ex3 v5.3\snake\x64\debug\snake.tlog\link.command.1.tlog
c:\users\user\documents\visual studio 2015\projects\snake ex3 v5.3\snake\x64\debug\snake.tlog\link.read.1.tlog
c:\users\user\documents\visual studio 2015\projects\snake ex3 v5.3\snake\x64\debug\snake.tlog\link.write.1.tlog
